[0m22:55:40.987409 [debug] [MainThread]: Sending event: {'category': 'dbt', 'action': 'invocation', 'label': 'start', 'context': [<snowplow_tracker.self_describing_json.SelfDescribingJson object at 0x000001AB40C0C890>, <snowplow_tracker.self_describing_json.SelfDescribingJson object at 0x000001AB40C076D0>, <snowplow_tracker.self_describing_json.SelfDescribingJson object at 0x000001AB40C0C590>]}


============================== 22:55:40.990999 | 234ecefe-ca22-4efc-b1b7-5137275dd65f ==============================
[0m22:55:40.990999 [info ] [MainThread]: Running with dbt=1.5.1
[0m22:55:40.991666 [debug] [MainThread]: running dbt with arguments {'printer_width': '80', 'indirect_selection': 'eager', 'log_cache_events': 'False', 'write_json': 'True', 'partial_parse': 'True', 'cache_selected_only': 'False', 'profiles_dir': 'C:\\Users\\yogesh.pal\\.dbt', 'fail_fast': 'False', 'debug': 'False', 'log_path': 'logs', 'warn_error': 'None', 'version_check': 'True', 'use_colors': 'True', 'use_experimental_parser': 'False', 'no_print': 'None', 'quiet': 'False', 'warn_error_options': 'WarnErrorOptions(include=[], exclude=[])', 'static_parser': 'True', 'log_format': 'default', 'introspect': 'True', 'target_path': 'None', 'send_anonymous_usage_stats': 'True'}
[0m22:55:40.992659 [debug] [MainThread]: Starter project path: C:\Users\yogesh.pal\Desktop\course\venv\Lib\site-packages\dbt\include\starter_project
[0m23:00:41.391525 [info ] [MainThread]: Profile dbtlearn written to C:\Users\yogesh.pal\.dbt\profiles.yml using target's profile_template.yml and your supplied values. Run 'dbt debug' to validate the connection.
[0m23:00:41.392690 [info ] [MainThread]: 
Your new dbt project "dbtlearn" was created!

For more information on how to configure the profiles.yml file,
please consult the dbt documentation here:

  https://docs.getdbt.com/docs/configure-your-profile

One more thing:

Need help? Don't hesitate to reach out to us via GitHub issues or on Slack:

  https://community.getdbt.com/

Happy modeling!

[0m23:00:41.394030 [debug] [MainThread]: Command `dbt init` succeeded at 23:00:41.393435 after 300.42 seconds
[0m23:00:41.394242 [debug] [MainThread]: Sending event: {'category': 'dbt', 'action': 'invocation', 'label': 'end', 'context': [<snowplow_tracker.self_describing_json.SelfDescribingJson object at 0x000001AB3A84FBD0>, <snowplow_tracker.self_describing_json.SelfDescribingJson object at 0x000001AB3AADDBD0>, <snowplow_tracker.self_describing_json.SelfDescribingJson object at 0x000001AB3AAEC4D0>]}
[0m23:00:41.394799 [debug] [MainThread]: Flushing usage events
[0m16:46:35.541205 [debug] [MainThread]: Sending event: {'category': 'dbt', 'action': 'invocation', 'label': 'start', 'context': [<snowplow_tracker.self_describing_json.SelfDescribingJson object at 0x000002165B100550>, <snowplow_tracker.self_describing_json.SelfDescribingJson object at 0x000002165AAC4C10>, <snowplow_tracker.self_describing_json.SelfDescribingJson object at 0x000002165AFADB10>]}


============================== 16:46:35.550496 | 4e62bd51-8ecf-49bc-bdfb-06044903bdd9 ==============================
[0m16:46:35.550496 [info ] [MainThread]: Running with dbt=1.5.1
[0m16:46:35.551914 [debug] [MainThread]: running dbt with arguments {'printer_width': '80', 'indirect_selection': 'eager', 'write_json': 'True', 'log_cache_events': 'False', 'partial_parse': 'True', 'cache_selected_only': 'False', 'profiles_dir': 'C:\\Users\\yogesh.pal\\.dbt', 'version_check': 'True', 'warn_error': 'None', 'log_path': 'logs', 'fail_fast': 'False', 'debug': 'False', 'use_colors': 'True', 'use_experimental_parser': 'False', 'no_print': 'None', 'quiet': 'False', 'log_format': 'default', 'introspect': 'True', 'warn_error_options': 'WarnErrorOptions(include=[], exclude=[])', 'static_parser': 'True', 'target_path': 'None', 'send_anonymous_usage_stats': 'True'}
[0m16:46:35.552914 [error] [MainThread]: Encountered an error:
Runtime Error
  No dbt_project.yml found at expected path C:\Users\yogesh.pal\Desktop\course\dbt_project.yml
  Verify that each entry within packages.yml (and their transitive dependencies) contains a file named dbt_project.yml
  
[0m16:46:35.552914 [debug] [MainThread]: Command `dbt run` failed at 16:46:35.552914 after 0.04 seconds
[0m16:46:35.553884 [debug] [MainThread]: Sending event: {'category': 'dbt', 'action': 'invocation', 'label': 'end', 'context': [<snowplow_tracker.self_describing_json.SelfDescribingJson object at 0x000002165B100550>, <snowplow_tracker.self_describing_json.SelfDescribingJson object at 0x000002165B101010>, <snowplow_tracker.self_describing_json.SelfDescribingJson object at 0x0000021654F6DB90>]}
[0m16:46:35.553884 [debug] [MainThread]: Flushing usage events
[0m12:15:32.463798 [debug] [MainThread]: Sending event: {'category': 'dbt', 'action': 'invocation', 'label': 'start', 'context': [<snowplow_tracker.self_describing_json.SelfDescribingJson object at 0x000002566B0A07D0>, <snowplow_tracker.self_describing_json.SelfDescribingJson object at 0x000002566B0A0890>, <snowplow_tracker.self_describing_json.SelfDescribingJson object at 0x000002566B0A0A50>]}


============================== 12:15:32.466876 | eeb716a7-8766-4975-9be1-0e535003146a ==============================
[0m12:15:32.466876 [info ] [MainThread]: Running with dbt=1.5.1
[0m12:15:32.467799 [debug] [MainThread]: running dbt with arguments {'printer_width': '80', 'indirect_selection': 'eager', 'write_json': 'True', 'log_cache_events': 'False', 'partial_parse': 'True', 'cache_selected_only': 'False', 'profiles_dir': 'C:\\Users\\yogesh.pal\\.dbt', 'version_check': 'True', 'warn_error': 'None', 'log_path': 'logs', 'debug': 'False', 'fail_fast': 'False', 'use_colors': 'True', 'use_experimental_parser': 'False', 'no_print': 'None', 'quiet': 'False', 'log_format': 'default', 'static_parser': 'True', 'warn_error_options': 'WarnErrorOptions(include=[], exclude=[])', 'introspect': 'True', 'target_path': 'None', 'send_anonymous_usage_stats': 'True'}
[0m12:15:32.467799 [error] [MainThread]: Encountered an error:
Runtime Error
  No dbt_project.yml found at expected path C:\Users\yogesh.pal\Desktop\course\dbt_project.yml
  Verify that each entry within packages.yml (and their transitive dependencies) contains a file named dbt_project.yml
  
[0m12:15:32.468704 [debug] [MainThread]: Command `dbt run` failed at 12:15:32.468704 after 0.03 seconds
[0m12:15:32.468704 [debug] [MainThread]: Sending event: {'category': 'dbt', 'action': 'invocation', 'label': 'end', 'context': [<snowplow_tracker.self_describing_json.SelfDescribingJson object at 0x000002566B0A1390>, <snowplow_tracker.self_describing_json.SelfDescribingJson object at 0x000002566B0A0A50>, <snowplow_tracker.self_describing_json.SelfDescribingJson object at 0x000002566ACA6010>]}
[0m12:15:32.469706 [debug] [MainThread]: Flushing usage events
